<?xml version="1.0" encoding="UTF-8"?>
<!-- Generated by org.testng.reporters.JUnitReportReporter -->
<testsuite hostname="PERU-METO" failures="0" tests="1" name="org.meto.api.endpoints.CaptureResponse" time="14.134" errors="0" timestamp="2024-01-02T16:13:51 COT" skipped="0">
  <testcase classname="org.meto.api.endpoints.CaptureResponse" name="captureTest" time="14.134"/>
  <system-out/>
</testsuite> <!-- org.meto.api.endpoints.CaptureResponse -->
